app/build/intermediates/manifest_merge_blame_file/debug/manifest-merger-blame-debug-report.txt
1<?xml version="1.0" encoding="utf-8"?>
2<manifest xmlns:android="http://schemas.android.com/apk/res/android"
3    package="com.balabanova.humblr"
4    android:versionCode="1"
5    android:versionName="1.0" >
6
7    <uses-sdk
8        android:minSdkVersion="24"
8-->src/main/AndroidManifest.xml
9        android:targetSdkVersion="33" />
9-->src/main/AndroidManifest.xml
10
11    <uses-permission android:name="android.permission.INTERNET" />
11-->src/main/AndroidManifest.xml:5:5-67
11-->src/main/AndroidManifest.xml:5:22-64
12    <uses-permission
12-->src/main/AndroidManifest.xml:6:5-8:38
13        android:name="android.permission.WRITE_EXTERNAL_STORAGE"
13-->src/main/AndroidManifest.xml:7:9-65
14        android:maxSdkVersion="28" />
14-->src/main/AndroidManifest.xml:8:9-35
15    <uses-permission android:name="android.permission.READ_EXTERNAL_STORAGE" />
15-->src/main/AndroidManifest.xml:9:5-80
15-->src/main/AndroidManifest.xml:9:22-77
16    <uses-permission android:name="android.permission.ACCESS_NETWORK_STATE" />
16-->src/main/AndroidManifest.xml:10:5-79
16-->src/main/AndroidManifest.xml:10:22-76
17
18    <permission
18-->[androidx.core:core:1.9.0] AndroidManifest.xml:22:5-24:47
19        android:name="com.balabanova.humblr.DYNAMIC_RECEIVER_NOT_EXPORTED_PERMISSION"
19-->[androidx.core:core:1.9.0] AndroidManifest.xml:23:9-81
20        android:protectionLevel="signature" />
20-->[androidx.core:core:1.9.0] AndroidManifest.xml:24:9-44
21
22    <uses-permission android:name="com.balabanova.humblr.DYNAMIC_RECEIVER_NOT_EXPORTED_PERMISSION" />
22-->[androidx.core:core:1.9.0] AndroidManifest.xml:26:5-97
22-->[androidx.core:core:1.9.0] AndroidManifest.xml:26:22-94
23
24    <application
24-->src/main/AndroidManifest.xml:12:5-35:19
25        android:name="com.balabanova.humblr.App"
25-->src/main/AndroidManifest.xml:13:9-28
26        android:allowBackup="true"
26-->src/main/AndroidManifest.xml:14:9-35
27        android:appComponentFactory="androidx.core.app.CoreComponentFactory"
27-->[androidx.core:core:1.9.0] AndroidManifest.xml:28:18-86
28        android:dataExtractionRules="@xml/data_extraction_rules"
28-->src/main/AndroidManifest.xml:15:9-65
29        android:debuggable="true"
30        android:extractNativeLibs="false"
31        android:fullBackupContent="@xml/backup_rules"
31-->src/main/AndroidManifest.xml:16:9-54
32        android:icon="@mipmap/ic_launcher"
32-->src/main/AndroidManifest.xml:17:9-43
33        android:label="@string/app_name"
33-->src/main/AndroidManifest.xml:18:9-41
34        android:roundIcon="@mipmap/ic_launcher_round"
34-->src/main/AndroidManifest.xml:19:9-54
35        android:supportsRtl="true"
35-->src/main/AndroidManifest.xml:20:9-35
36        android:testOnly="true"
37        android:theme="@style/AppTheme" >
37-->src/main/AndroidManifest.xml:21:9-40
38        <activity
38-->src/main/AndroidManifest.xml:23:9-34:20
39            android:name="com.balabanova.humblr.MainActivity"
39-->src/main/AndroidManifest.xml:24:13-41
40            android:exported="true" >
40-->src/main/AndroidManifest.xml:25:13-36
41            <intent-filter>
41-->src/main/AndroidManifest.xml:26:13-30:29
42                <action android:name="android.intent.action.MAIN" />
42-->src/main/AndroidManifest.xml:27:17-69
42-->src/main/AndroidManifest.xml:27:25-66
43
44                <category android:name="android.intent.category.LAUNCHER" />
44-->src/main/AndroidManifest.xml:29:17-77
44-->src/main/AndroidManifest.xml:29:27-74
45            </intent-filter>
46            <intent-filter>
46-->[mobile_navigation] mobile_navigation.xml:39:9-41:122
47                <action android:name="android.intent.action.VIEW" />
47-->[mobile_navigation] mobile_navigation.xml:39:9-41:122
47-->[mobile_navigation] mobile_navigation.xml:39:9-41:122
48
49                <category android:name="android.intent.category.DEFAULT" />
49-->[mobile_navigation] mobile_navigation.xml:39:9-41:122
49-->[mobile_navigation] mobile_navigation.xml:39:9-41:122
50                <category android:name="android.intent.category.BROWSABLE" />
50-->[mobile_navigation] mobile_navigation.xml:39:9-41:122
50-->[mobile_navigation] mobile_navigation.xml:39:9-41:122
51
52                <data android:scheme="com.example.intermediateproject" />
52-->[mobile_navigation] mobile_navigation.xml:39:9-41:122
52-->[mobile_navigation] mobile_navigation.xml:39:9-41:122
53                <data android:host="skillbox" />
53-->[mobile_navigation] mobile_navigation.xml:39:9-41:122
53-->[mobile_navigation] mobile_navigation.xml:39:9-41:122
54                <data android:path="/unsplash-auth-callback" />
54-->[mobile_navigation] mobile_navigation.xml:39:9-41:122
54-->[mobile_navigation] mobile_navigation.xml:39:9-41:122
55            </intent-filter>
56        </activity>
57
58        <uses-library
58-->[androidx.window:window:1.0.0] AndroidManifest.xml:25:9-27:40
59            android:name="androidx.window.extensions"
59-->[androidx.window:window:1.0.0] AndroidManifest.xml:26:13-54
60            android:required="false" />
60-->[androidx.window:window:1.0.0] AndroidManifest.xml:27:13-37
61        <uses-library
61-->[androidx.window:window:1.0.0] AndroidManifest.xml:28:9-30:40
62            android:name="androidx.window.sidecar"
62-->[androidx.window:window:1.0.0] AndroidManifest.xml:29:13-51
63            android:required="false" />
63-->[androidx.window:window:1.0.0] AndroidManifest.xml:30:13-37
64
65        <provider
65-->[androidx.emoji2:emoji2:1.2.0] AndroidManifest.xml:24:9-32:20
66            android:name="androidx.startup.InitializationProvider"
66-->[androidx.emoji2:emoji2:1.2.0] AndroidManifest.xml:25:13-67
67            android:authorities="com.balabanova.humblr.androidx-startup"
67-->[androidx.emoji2:emoji2:1.2.0] AndroidManifest.xml:26:13-68
68            android:exported="false" >
68-->[androidx.emoji2:emoji2:1.2.0] AndroidManifest.xml:27:13-37
69            <meta-data
69-->[androidx.emoji2:emoji2:1.2.0] AndroidManifest.xml:29:13-31:52
70                android:name="androidx.emoji2.text.EmojiCompatInitializer"
70-->[androidx.emoji2:emoji2:1.2.0] AndroidManifest.xml:30:17-75
71                android:value="androidx.startup" />
71-->[androidx.emoji2:emoji2:1.2.0] AndroidManifest.xml:31:17-49
72            <meta-data
72-->[androidx.lifecycle:lifecycle-process:2.4.1] AndroidManifest.xml:31:13-33:52
73                android:name="androidx.lifecycle.ProcessLifecycleInitializer"
73-->[androidx.lifecycle:lifecycle-process:2.4.1] AndroidManifest.xml:32:17-78
74                android:value="androidx.startup" />
74-->[androidx.lifecycle:lifecycle-process:2.4.1] AndroidManifest.xml:33:17-49
75        </provider>
76    </application>
77
78</manifest>